<?xml version="1.0" encoding="UTF-8"?>
<!-- Generated by org.testng.reporters.JUnitXMLReporter -->
<testsuite hostname="DESKTOP-ANJK2SU" ignored="0" name="Default test(failed)" tests="6" failures="0" timestamp="21 Nov 2021 14:00:45 GMT" time="0.224" errors="0">
  <testcase name="@BeforeClass launchBrowser" time="0.0" classname="interviewPart2.paramerterizationExamination">
    <failure type="org.testng.TestNGException" message="
Parameter &amp;apos;browser&amp;apos; is required by BeforeClass on method launchBrowser but has not been marked @Optional or defined
in C:\Users\Britto\git\TestNgPractice\TestNgPractice\test-output\testng-failed.xml">
      <![CDATA[org.testng.TestNGException: 
Parameter 'browser' is required by BeforeClass on method launchBrowser but has not been marked @Optional or defined
in C:\Users\Britto\git\TestNgPractice\TestNgPractice\test-output\testng-failed.xml
... Removed 22 stack frames]]>
    </failure>
  </testcase> <!-- @BeforeClass launchBrowser -->
  <testcase name="@BeforeMethod openUrl" time="0.0" classname="interviewPart2.paramerterizationExamination">
    <skipped/>
  </testcase> <!-- @BeforeMethod openUrl -->
  <testcase name="@BeforeMethod openUrl" time="0.0" classname="interviewPart2.paramerterizationExamination">
    <skipped/>
  </testcase> <!-- @BeforeMethod openUrl -->
  <testcase name="@BeforeMethod openUrl" time="0.0" classname="interviewPart2.paramerterizationExamination">
    <skipped/>
  </testcase> <!-- @BeforeMethod openUrl -->
  <testcase name="@BeforeMethod openUrl" time="0.0" classname="interviewPart2.paramerterizationExamination">
    <skipped/>
  </testcase> <!-- @BeforeMethod openUrl -->
  <testcase name="@BeforeMethod openUrl" time="0.0" classname="interviewPart2.paramerterizationExamination">
    <skipped/>
  </testcase> <!-- @BeforeMethod openUrl -->
  <testcase name="@BeforeMethod openUrl" time="0.0" classname="interviewPart2.paramerterizationExamination">
    <skipped/>
  </testcase> <!-- @BeforeMethod openUrl -->
  <testcase name="@AfterClass close" time="0.0" classname="interviewPart2.paramerterizationExamination">
    <skipped/>
  </testcase> <!-- @AfterClass close -->
  <testcase name="userDetails02" time="0.0" classname="interviewPart2.paramerterizationExamination">
    <skipped/>
  </testcase> <!-- userDetails02 -->
  <testcase name="userDetails02" time="0.0" classname="interviewPart2.paramerterizationExamination">
    <skipped/>
  </testcase> <!-- userDetails02 -->
  <testcase name="userDetails02" time="0.0" classname="interviewPart2.paramerterizationExamination">
    <skipped/>
  </testcase> <!-- userDetails02 -->
  <testcase name="userDetails01" time="0.0" classname="interviewPart2.paramerterizationExamination">
    <skipped/>
  </testcase> <!-- userDetails01 -->
  <testcase name="userDetails01" time="0.0" classname="interviewPart2.paramerterizationExamination">
    <skipped/>
  </testcase> <!-- userDetails01 -->
  <testcase name="userDetails01" time="0.0" classname="interviewPart2.paramerterizationExamination">
    <skipped/>
  </testcase> <!-- userDetails01 -->
</testsuite> <!-- Default test(failed) -->
