<?xml version="1.0" encoding="UTF-8"?>
<!-- Generated by org.testng.reporters.JUnitXMLReporter -->
<testsuite hostname="DESKTOP-ANJK2SU" ignored="0" name="Test" tests="10" failures="2" timestamp="21 Nov 2021 15:09:21 GMT" time="0.176" errors="0">
  <testcase name="testCase1" time="0.024" classname="IretryAnnotationClass.FailedTestCase">
    <skipped/>
  </testcase> <!-- testCase1 -->
  <testcase name="testCase1" time="0.0" classname="IretryAnnotationClass.FailedTestCase">
    <skipped/>
  </testcase> <!-- testCase1 -->
  <testcase name="testCase1" time="0.0" classname="IretryAnnotationClass.FailedTestCase">
    <skipped/>
  </testcase> <!-- testCase1 -->
  <testcase name="testCase1" time="0.0" classname="IretryAnnotationClass.FailedTestCase">
    <skipped/>
  </testcase> <!-- testCase1 -->
  <testcase name="testCase1" time="0.008" classname="IretryAnnotationClass.FailedTestCase">
    <failure type="java.lang.AssertionError" message="expected [false] but found [true]">
      <![CDATA[java.lang.AssertionError: expected [false] but found [true]
	at IretryAnnotationClass.FailedTestCase.testCase1(FailedTestCase.java:9)
... Removed 31 stack frames]]>
    </failure>
  </testcase> <!-- testCase1 -->
  <testcase name="testCase2" time="0.016" classname="IretryAnnotationClass.FailedTestCase">
    <skipped/>
  </testcase> <!-- testCase2 -->
  <testcase name="testCase2" time="0.008" classname="IretryAnnotationClass.FailedTestCase">
    <skipped/>
  </testcase> <!-- testCase2 -->
  <testcase name="testCase2" time="0.008" classname="IretryAnnotationClass.FailedTestCase">
    <skipped/>
  </testcase> <!-- testCase2 -->
  <testcase name="testCase2" time="0.0" classname="IretryAnnotationClass.FailedTestCase">
    <skipped/>
  </testcase> <!-- testCase2 -->
  <testcase name="testCase2" time="0.0" classname="IretryAnnotationClass.FailedTestCase">
    <failure type="java.lang.AssertionError" message="expected [false] but found [true]">
      <![CDATA[java.lang.AssertionError: expected [false] but found [true]
	at IretryAnnotationClass.FailedTestCase.testCase2(FailedTestCase.java:13)
... Removed 31 stack frames]]>
    </failure>
  </testcase> <!-- testCase2 -->
</testsuite> <!-- Test -->
